0 info it worked if it ends with ok
1 verbose cli [ '/usr/bin/node', '/usr/bin/npm', 'run', 'build:dev' ]
2 info using npm@3.5.2
3 info using node@v8.10.0
4 verbose run-script [ 'prebuild:dev', 'build:dev', 'postbuild:dev' ]
5 info lifecycle firefox-tab-suspender@2.0.4~prebuild:dev: firefox-tab-suspender@2.0.4
6 silly lifecycle firefox-tab-suspender@2.0.4~prebuild:dev: no script for prebuild:dev, continuing
7 info lifecycle firefox-tab-suspender@2.0.4~build:dev: firefox-tab-suspender@2.0.4
8 verbose lifecycle firefox-tab-suspender@2.0.4~build:dev: unsafe-perm in lifecycle true
9 verbose lifecycle firefox-tab-suspender@2.0.4~build:dev: PATH: /usr/share/npm/bin/node-gyp-bin:/media/hauhau/43590e38-3654-415f-8984-66e87c4bff74/hauhau/WebProjects/firefox-tab-suspender/node_modules/.bin:/usr/local/sbin:/usr/local/bin:/usr/sbin:/usr/bin:/sbin:/bin:/usr/games:/usr/local/games:/snap/bin
10 verbose lifecycle firefox-tab-suspender@2.0.4~build:dev: CWD: /media/hauhau/43590e38-3654-415f-8984-66e87c4bff74/hauhau/WebProjects/firefox-tab-suspender
11 silly lifecycle firefox-tab-suspender@2.0.4~build:dev: Args: [ '-c',
11 silly lifecycle   'rm -f -r src/main/background/.tmp && mkdir src/main/background/.tmp && npm run _build_c:dev && NODE_ENV=development webpack && rm -f -r src/main/background/.tmp' ]
12 silly lifecycle firefox-tab-suspender@2.0.4~build:dev: Returned: code: 1  signal: null
13 info lifecycle firefox-tab-suspender@2.0.4~build:dev: Failed to exec build:dev script
14 verbose stack Error: firefox-tab-suspender@2.0.4 build:dev: `rm -f -r src/main/background/.tmp && mkdir src/main/background/.tmp && npm run _build_c:dev && NODE_ENV=development webpack && rm -f -r src/main/background/.tmp`
14 verbose stack Exit status 1
14 verbose stack     at EventEmitter.<anonymous> (/usr/share/npm/lib/utils/lifecycle.js:232:16)
14 verbose stack     at emitTwo (events.js:126:13)
14 verbose stack     at EventEmitter.emit (events.js:214:7)
14 verbose stack     at ChildProcess.<anonymous> (/usr/share/npm/lib/utils/spawn.js:24:14)
14 verbose stack     at emitTwo (events.js:126:13)
14 verbose stack     at ChildProcess.emit (events.js:214:7)
14 verbose stack     at maybeClose (internal/child_process.js:925:16)
14 verbose stack     at Process.ChildProcess._handle.onexit (internal/child_process.js:209:5)
15 verbose pkgid firefox-tab-suspender@2.0.4
16 verbose cwd /media/hauhau/43590e38-3654-415f-8984-66e87c4bff74/hauhau/WebProjects/firefox-tab-suspender
17 error Linux 4.15.0-43-generic
18 error argv "/usr/bin/node" "/usr/bin/npm" "run" "build:dev"
19 error node v8.10.0
20 error npm  v3.5.2
21 error code ELIFECYCLE
22 error firefox-tab-suspender@2.0.4 build:dev: `rm -f -r src/main/background/.tmp && mkdir src/main/background/.tmp && npm run _build_c:dev && NODE_ENV=development webpack && rm -f -r src/main/background/.tmp`
22 error Exit status 1
23 error Failed at the firefox-tab-suspender@2.0.4 build:dev script 'rm -f -r src/main/background/.tmp && mkdir src/main/background/.tmp && npm run _build_c:dev && NODE_ENV=development webpack && rm -f -r src/main/background/.tmp'.
23 error Make sure you have the latest version of node.js and npm installed.
23 error If you do, this is most likely a problem with the firefox-tab-suspender package,
23 error not with npm itself.
23 error Tell the author that this fails on your system:
23 error     rm -f -r src/main/background/.tmp && mkdir src/main/background/.tmp && npm run _build_c:dev && NODE_ENV=development webpack && rm -f -r src/main/background/.tmp
23 error You can get information on how to open an issue for this project with:
23 error     npm bugs firefox-tab-suspender
23 error Or if that isn't available, you can get their info via:
23 error     npm owner ls firefox-tab-suspender
23 error There is likely additional logging output above.
24 verbose exit [ 1, true ]
